This file contains any messages produced by compilers while
running configure, to aid debugging if configure makes a mistake.

It was created by mcfm-bridge configure 0.0.35, which was
generated by GNU Autoconf 2.68.  Invocation command line was

  $ ./configure --prefix=/local0/p_duwe01/test/photon_prod/mcfmbridge

## --------- ##
## Platform. ##
## --------- ##

hostname = GINZBURG
uname -m = x86_64
uname -r = 5.10.0-0.bpo.8-amd64
uname -s = Linux
uname -v = #1 SMP Debian 5.10.46-4~bpo10+1 (2021-08-07)

/usr/bin/uname -p = unknown
/bin/uname -X     = unknown

/bin/arch              = x86_64
/usr/bin/arch -k       = unknown
/usr/convex/getsysinfo = unknown
/usr/bin/hostinfo      = unknown
/bin/machine           = unknown
/usr/bin/oslevel       = unknown
/bin/universe          = unknown

PATH: /local0/p_duwe01/root/bin
PATH: /local0/p_duwe01/applgrid/bin
PATH: /local0/p_duwe01/hoppet/bin
PATH: /local0/p_duwe01/LHAPDF/bin
PATH: /usr/local/bin
PATH: /usr/bin
PATH: /bin
PATH: /usr/local/games
PATH: /usr/games


## ----------- ##
## Core tests. ##
## ----------- ##

configure:2267: checking for a BSD-compatible install
configure:2335: result: /usr/bin/install -c
configure:2346: checking whether build environment is sane
configure:2396: result: yes
configure:2537: checking for a thread-safe mkdir -p
configure:2576: result: /usr/bin/mkdir -p
configure:2589: checking for gawk
configure:2605: found /usr/bin/gawk
configure:2616: result: gawk
configure:2627: checking whether make sets $(MAKE)
configure:2649: result: yes
configure:2789: checking for gcc
configure:2805: found /usr/bin/gcc
configure:2816: result: gcc
configure:3045: checking for C compiler version
configure:3054: gcc --version >&5
gcc (Debian 8.3.0-6) 8.3.0
Copyright (C) 2018 Free Software Foundation, Inc.
This is free software; see the source for copying conditions.  There is NO
warranty; not even for MERCHANTABILITY or FITNESS FOR A PARTICULAR PURPOSE.

configure:3065: $? = 0
configure:3054: gcc -v >&5
Using built-in specs.
COLLECT_GCC=gcc
COLLECT_LTO_WRAPPER=/usr/lib/gcc/x86_64-linux-gnu/8/lto-wrapper
OFFLOAD_TARGET_NAMES=nvptx-none
OFFLOAD_TARGET_DEFAULT=1
Target: x86_64-linux-gnu
Configured with: ../src/configure -v --with-pkgversion='Debian 8.3.0-6' --with-bugurl=file:///usr/share/doc/gcc-8/README.Bugs --enable-languages=c,ada,c++,go,brig,d,fortran,objc,obj-c++ --prefix=/usr --with-gcc-major-version-only --program-suffix=-8 --program-prefix=x86_64-linux-gnu- --enable-shared --enable-linker-build-id --libexecdir=/usr/lib --without-included-gettext --enable-threads=posix --libdir=/usr/lib --enable-nls --enable-bootstrap --enable-clocale=gnu --enable-libstdcxx-debug --enable-libstdcxx-time=yes --with-default-libstdcxx-abi=new --enable-gnu-unique-object --disable-vtable-verify --enable-libmpx --enable-plugin --enable-default-pie --with-system-zlib --with-target-system-zlib --enable-objc-gc=auto --enable-multiarch --disable-werror --with-arch-32=i686 --with-abi=m64 --with-multilib-list=m32,m64,mx32 --enable-multilib --with-tune=generic --enable-offload-targets=nvptx-none --without-cuda-driver --enable-checking=release --build=x86_64-linux-gnu --host=x86_64-linux-gnu --target=x86_64-linux-gnu
Thread model: posix
gcc version 8.3.0 (Debian 8.3.0-6) 
configure:3065: $? = 0
configure:3054: gcc -V >&5
gcc: error: unrecognized command line option '-V'
gcc: fatal error: no input files
compilation terminated.
configure:3065: $? = 1
configure:3054: gcc -qversion >&5
gcc: error: unrecognized command line option '-qversion'; did you mean '--version'?
gcc: fatal error: no input files
compilation terminated.
configure:3065: $? = 1
configure:3085: checking whether the C compiler works
configure:3107: gcc    conftest.c  >&5
configure:3111: $? = 0
configure:3159: result: yes
configure:3162: checking for C compiler default output file name
configure:3164: result: a.out
configure:3170: checking for suffix of executables
configure:3177: gcc -o conftest    conftest.c  >&5
configure:3181: $? = 0
configure:3203: result: 
configure:3225: checking whether we are cross compiling
configure:3233: gcc -o conftest    conftest.c  >&5
configure:3237: $? = 0
configure:3244: ./conftest
configure:3248: $? = 0
configure:3236: result: no
configure:3241: checking for suffix of object files
configure:3263: gcc -c   conftest.c >&5
configure:3267: $? = 0
configure:3288: result: o
configure:3292: checking whether we are using the GNU C compiler
configure:3311: gcc -c   conftest.c >&5
configure:3311: $? = 0
configure:3320: result: yes
configure:3329: checking whether gcc accepts -g
configure:3349: gcc -c -g  conftest.c >&5
configure:3349: $? = 0
configure:3390: result: yes
configure:3407: checking for gcc option to accept ISO C89
configure:3471: gcc  -c -g -O2  conftest.c >&5
configure:3471: $? = 0
configure:3484: result: none needed
configure:3515: checking for style of include used by make
configure:3543: result: GNU
configure:3568: checking dependency style of gcc
configure:3678: result: gcc3
configure:3751: checking for g++
configure:3767: found /usr/bin/g++
configure:3778: result: g++
configure:3805: checking for C++ compiler version
configure:3814: g++ --version >&5
g++ (Debian 8.3.0-6) 8.3.0
Copyright (C) 2018 Free Software Foundation, Inc.
This is free software; see the source for copying conditions.  There is NO
warranty; not even for MERCHANTABILITY or FITNESS FOR A PARTICULAR PURPOSE.

configure:3825: $? = 0
configure:3814: g++ -v >&5
Using built-in specs.
COLLECT_GCC=g++
COLLECT_LTO_WRAPPER=/usr/lib/gcc/x86_64-linux-gnu/8/lto-wrapper
OFFLOAD_TARGET_NAMES=nvptx-none
OFFLOAD_TARGET_DEFAULT=1
Target: x86_64-linux-gnu
Configured with: ../src/configure -v --with-pkgversion='Debian 8.3.0-6' --with-bugurl=file:///usr/share/doc/gcc-8/README.Bugs --enable-languages=c,ada,c++,go,brig,d,fortran,objc,obj-c++ --prefix=/usr --with-gcc-major-version-only --program-suffix=-8 --program-prefix=x86_64-linux-gnu- --enable-shared --enable-linker-build-id --libexecdir=/usr/lib --without-included-gettext --enable-threads=posix --libdir=/usr/lib --enable-nls --enable-bootstrap --enable-clocale=gnu --enable-libstdcxx-debug --enable-libstdcxx-time=yes --with-default-libstdcxx-abi=new --enable-gnu-unique-object --disable-vtable-verify --enable-libmpx --enable-plugin --enable-default-pie --with-system-zlib --with-target-system-zlib --enable-objc-gc=auto --enable-multiarch --disable-werror --with-arch-32=i686 --with-abi=m64 --with-multilib-list=m32,m64,mx32 --enable-multilib --with-tune=generic --enable-offload-targets=nvptx-none --without-cuda-driver --enable-checking=release --build=x86_64-linux-gnu --host=x86_64-linux-gnu --target=x86_64-linux-gnu
Thread model: posix
gcc version 8.3.0 (Debian 8.3.0-6) 
configure:3825: $? = 0
configure:3814: g++ -V >&5
g++: error: unrecognized command line option '-V'
g++: fatal error: no input files
compilation terminated.
configure:3825: $? = 1
configure:3814: g++ -qversion >&5
g++: error: unrecognized command line option '-qversion'; did you mean '--version'?
g++: fatal error: no input files
compilation terminated.
configure:3825: $? = 1
configure:3829: checking whether we are using the GNU C++ compiler
configure:3848: g++ -c   conftest.cpp >&5
configure:3848: $? = 0
configure:3857: result: yes
configure:3866: checking whether g++ accepts -g
configure:3886: g++ -c -g  conftest.cpp >&5
configure:3886: $? = 0
configure:3927: result: yes
configure:3952: checking dependency style of g++
configure:4062: result: gcc3
configure:4106: checking build system type
configure:4120: result: x86_64-unknown-linux-gnu
configure:4140: checking host system type
configure:4153: result: x86_64-unknown-linux-gnu
configure:4194: checking how to print strings
configure:4221: result: printf
configure:4242: checking for a sed that does not truncate output
configure:4306: result: /usr/bin/sed
configure:4324: checking for grep that handles long lines and -e
configure:4382: result: /usr/bin/grep
configure:4387: checking for egrep
configure:4449: result: /usr/bin/grep -E
configure:4454: checking for fgrep
configure:4516: result: /usr/bin/grep -F
configure:4551: checking for ld used by gcc
configure:4618: result: /usr/bin/ld
configure:4625: checking if the linker (/usr/bin/ld) is GNU ld
configure:4640: result: yes
configure:4652: checking for BSD- or MS-compatible name lister (nm)
configure:4701: result: /usr/bin/nm -B
configure:4831: checking the name lister (/usr/bin/nm -B) interface
configure:4838: gcc -c -g -O2  conftest.c >&5
configure:4841: /usr/bin/nm -B "conftest.o"
configure:4844: output
0000000000000000 B some_variable
configure:4845: result: BSD nm
configure:4848: checking whether ln -s works
configure:4852: result: yes
configure:4860: checking the maximum length of command line arguments
configure:4990: result: 1572864
configure:5007: checking whether the shell understands some XSI constructs
configure:5016: result: yes
configure:5020: checking whether the shell understands "+="
configure:5024: result: yes
configure:5059: checking how to convert x86_64-unknown-linux-gnu file names to x86_64-unknown-linux-gnu format
configure:5099: result: func_convert_file_noop
configure:5106: checking how to convert x86_64-unknown-linux-gnu file names to toolchain format
configure:5126: result: func_convert_file_noop
configure:5133: checking for /usr/bin/ld option to reload object files
configure:5140: result: -r
configure:5214: checking for objdump
configure:5230: found /usr/bin/objdump
configure:5241: result: objdump
configure:5273: checking how to recognize dependent libraries
configure:5475: result: pass_all
configure:5560: checking for dlltool
configure:5590: result: no
configure:5620: checking how to associate runtime and link libraries
configure:5647: result: printf %s\n
configure:5708: checking for ar
configure:5724: found /usr/bin/ar
configure:5735: result: ar
configure:5772: checking for archiver @FILE support
configure:5789: gcc -c -g -O2  conftest.c >&5
configure:5789: $? = 0
configure:5792: ar cru libconftest.a @conftest.lst >&5
ar: `u' modifier ignored since `D' is the default (see `U')
configure:5795: $? = 0
configure:5800: ar cru libconftest.a @conftest.lst >&5
ar: `u' modifier ignored since `D' is the default (see `U')
ar: conftest.o: No such file or directory
configure:5803: $? = 1
configure:5802: result: @
configure:5860: checking for strip
configure:5876: found /usr/bin/strip
configure:5887: result: strip
configure:5959: checking for ranlib
configure:5975: found /usr/bin/ranlib
configure:5986: result: ranlib
configure:6088: checking command to parse /usr/bin/nm -B output from gcc object
configure:6208: gcc -c -g -O2  conftest.c >&5
configure:6211: $? = 0
configure:6215: /usr/bin/nm -B conftest.o \| sed -n -e 's/^.*[ ]\([ABCDGIRSTW][ABCDGIRSTW]*\)[ ][ ]*\([_A-Za-z][_A-Za-z0-9]*\)$/\1 \2 \2/p' | sed '/ __gnu_lto/d' \> conftest.nm
configure:6218: $? = 0
configure:6284: gcc -o conftest -g -O2   conftest.c conftstm.o >&5
configure:6287: $? = 0
configure:6325: result: ok
configure:6362: checking for sysroot
configure:6392: result: no
configure:6469: gcc -c -g -O2  conftest.c >&5
configure:6472: $? = 0
configure:6648: checking for mt
configure:6664: found /usr/bin/mt
configure:6675: result: mt
configure:6698: checking if mt is a manifest tool
configure:6704: mt '-?'
configure:6712: result: no
configure:7354: checking how to run the C preprocessor
configure:7385: gcc -E  conftest.c
configure:7385: $? = 0
configure:7399: gcc -E  conftest.c
conftest.c:11:10: fatal error: ac_nonexistent.h: No such file or directory
 #include <ac_nonexistent.h>
          ^~~~~~~~~~~~~~~~~~
compilation terminated.
configure:7399: $? = 1
configure: failed program was:
| /* confdefs.h */
| #define PACKAGE_NAME "mcfm-bridge"
| #define PACKAGE_TARNAME "mcfm-bridge"
| #define PACKAGE_VERSION "0.0.35"
| #define PACKAGE_STRING "mcfm-bridge 0.0.35"
| #define PACKAGE_BUGREPORT "sutt@cern.ch"
| #define PACKAGE_URL "http://applgrid.hepforge.org"
| #define PACKAGE "mcfm-bridge"
| #define VERSION "0.0.35"
| /* end confdefs.h.  */
| #include <ac_nonexistent.h>
configure:7424: result: gcc -E
configure:7444: gcc -E  conftest.c
configure:7444: $? = 0
configure:7458: gcc -E  conftest.c
conftest.c:11:10: fatal error: ac_nonexistent.h: No such file or directory
 #include <ac_nonexistent.h>
          ^~~~~~~~~~~~~~~~~~
compilation terminated.
configure:7458: $? = 1
configure: failed program was:
| /* confdefs.h */
| #define PACKAGE_NAME "mcfm-bridge"
| #define PACKAGE_TARNAME "mcfm-bridge"
| #define PACKAGE_VERSION "0.0.35"
| #define PACKAGE_STRING "mcfm-bridge 0.0.35"
| #define PACKAGE_BUGREPORT "sutt@cern.ch"
| #define PACKAGE_URL "http://applgrid.hepforge.org"
| #define PACKAGE "mcfm-bridge"
| #define VERSION "0.0.35"
| /* end confdefs.h.  */
| #include <ac_nonexistent.h>
configure:7487: checking for ANSI C header files
configure:7507: gcc -c -g -O2  conftest.c >&5
configure:7507: $? = 0
configure:7580: gcc -o conftest -g -O2   conftest.c  >&5
configure:7580: $? = 0
configure:7580: ./conftest
configure:7580: $? = 0
configure:7591: result: yes
configure:7604: checking for sys/types.h
configure:7604: gcc -c -g -O2  conftest.c >&5
configure:7604: $? = 0
configure:7604: result: yes
configure:7604: checking for sys/stat.h
configure:7604: gcc -c -g -O2  conftest.c >&5
configure:7604: $? = 0
configure:7604: result: yes
configure:7604: checking for stdlib.h
configure:7604: gcc -c -g -O2  conftest.c >&5
configure:7604: $? = 0
configure:7604: result: yes
configure:7604: checking for string.h
configure:7604: gcc -c -g -O2  conftest.c >&5
configure:7604: $? = 0
configure:7604: result: yes
configure:7604: checking for memory.h
configure:7604: gcc -c -g -O2  conftest.c >&5
configure:7604: $? = 0
configure:7604: result: yes
configure:7604: checking for strings.h
configure:7604: gcc -c -g -O2  conftest.c >&5
configure:7604: $? = 0
configure:7604: result: yes
configure:7604: checking for inttypes.h
configure:7604: gcc -c -g -O2  conftest.c >&5
configure:7604: $? = 0
configure:7604: result: yes
configure:7604: checking for stdint.h
configure:7604: gcc -c -g -O2  conftest.c >&5
configure:7604: $? = 0
configure:7604: result: yes
configure:7604: checking for unistd.h
configure:7604: gcc -c -g -O2  conftest.c >&5
configure:7604: $? = 0
configure:7604: result: yes
configure:7618: checking for dlfcn.h
configure:7618: gcc -c -g -O2  conftest.c >&5
configure:7618: $? = 0
configure:7618: result: yes
configure:7835: checking for objdir
configure:7850: result: .libs
configure:8117: checking if gcc supports -fno-rtti -fno-exceptions
configure:8135: gcc -c -g -O2  -fno-rtti -fno-exceptions conftest.c >&5
cc1: warning: command line option '-fno-rtti' is valid for C++/ObjC++ but not for C
configure:8139: $? = 0
configure:8152: result: no
configure:8479: checking for gcc option to produce PIC
configure:8486: result: -fPIC -DPIC
configure:8494: checking if gcc PIC flag -fPIC -DPIC works
configure:8512: gcc -c -g -O2  -fPIC -DPIC -DPIC conftest.c >&5
configure:8516: $? = 0
configure:8529: result: yes
configure:8558: checking if gcc static flag -static works
configure:8586: result: yes
configure:8601: checking if gcc supports -c -o file.o
configure:8622: gcc -c -g -O2  -o out/conftest2.o conftest.c >&5
configure:8626: $? = 0
configure:8648: result: yes
configure:8656: checking if gcc supports -c -o file.o
configure:8703: result: yes
configure:8736: checking whether the gcc linker (/usr/bin/ld -m elf_x86_64) supports shared libraries
configure:9889: result: yes
configure:9926: checking whether -lc should be explicitly linked in
configure:9934: gcc -c -g -O2  conftest.c >&5
configure:9937: $? = 0
configure:9952: gcc -shared  -fPIC -DPIC conftest.o  -v -Wl,-soname -Wl,conftest -o conftest 2\>\&1 \| /usr/bin/grep  -lc  \>/dev/null 2\>\&1
configure:9955: $? = 0
configure:9969: result: no
configure:10129: checking dynamic linker characteristics
configure:10640: gcc -o conftest -g -O2   -Wl,-rpath -Wl,/foo conftest.c  >&5
configure:10640: $? = 0
configure:10862: result: GNU/Linux ld.so
configure:10969: checking how to hardcode library paths into programs
configure:10994: result: immediate
configure:11534: checking whether stripping libraries is possible
configure:11539: result: yes
configure:11574: checking if libtool supports shared libraries
configure:11576: result: yes
configure:11579: checking whether to build shared libraries
configure:11600: result: yes
configure:11603: checking whether to build static libraries
configure:11607: result: yes
configure:8640: checking how to run the C++ preprocessor
configure:8667: g++ -E  conftest.cpp
configure:8667: $? = 0
configure:8681: g++ -E  conftest.cpp
conftest.cpp:23:10: fatal error: ac_nonexistent.h: No such file or directory
 #include <ac_nonexistent.h>
          ^~~~~~~~~~~~~~~~~~
compilation terminated.
configure:8681: $? = 1
configure: failed program was:
| /* confdefs.h */
| #define PACKAGE_NAME "mcfm-bridge"
| #define PACKAGE_TARNAME "mcfm-bridge"
| #define PACKAGE_VERSION "0.0.35"
| #define PACKAGE_STRING "mcfm-bridge 0.0.35"
| #define PACKAGE_BUGREPORT "sutt@cern.ch"
| #define PACKAGE_URL "http://applgrid.hepforge.org"
| #define PACKAGE "mcfm-bridge"
| #define VERSION "0.0.35"
| #define STDC_HEADERS 1
| #define HAVE_SYS_TYPES_H 1
| #define HAVE_SYS_STAT_H 1
| #define HAVE_STDLIB_H 1
| #define HAVE_STRING_H 1
| #define HAVE_MEMORY_H 1
| #define HAVE_STRINGS_H 1
| #define HAVE_INTTYPES_H 1
| #define HAVE_STDINT_H 1
| #define HAVE_UNISTD_H 1
| #define HAVE_DLFCN_H 1
| #define LT_OBJDIR ".libs/"
| /* end confdefs.h.  */
| #include <ac_nonexistent.h>
configure:8706: result: g++ -E
configure:8726: g++ -E  conftest.cpp
configure:8726: $? = 0
configure:8740: g++ -E  conftest.cpp
conftest.cpp:23:10: fatal error: ac_nonexistent.h: No such file or directory
 #include <ac_nonexistent.h>
          ^~~~~~~~~~~~~~~~~~
compilation terminated.
configure:8740: $? = 1
configure: failed program was:
| /* confdefs.h */
| #define PACKAGE_NAME "mcfm-bridge"
| #define PACKAGE_TARNAME "mcfm-bridge"
| #define PACKAGE_VERSION "0.0.35"
| #define PACKAGE_STRING "mcfm-bridge 0.0.35"
| #define PACKAGE_BUGREPORT "sutt@cern.ch"
| #define PACKAGE_URL "http://applgrid.hepforge.org"
| #define PACKAGE "mcfm-bridge"
| #define VERSION "0.0.35"
| #define STDC_HEADERS 1
| #define HAVE_SYS_TYPES_H 1
| #define HAVE_SYS_STAT_H 1
| #define HAVE_STDLIB_H 1
| #define HAVE_STRING_H 1
| #define HAVE_MEMORY_H 1
| #define HAVE_STRINGS_H 1
| #define HAVE_INTTYPES_H 1
| #define HAVE_STDINT_H 1
| #define HAVE_UNISTD_H 1
| #define HAVE_DLFCN_H 1
| #define LT_OBJDIR ".libs/"
| /* end confdefs.h.  */
| #include <ac_nonexistent.h>
configure:8909: checking for ld used by g++
configure:8976: result: /usr/bin/ld -m elf_x86_64
configure:8983: checking if the linker (/usr/bin/ld -m elf_x86_64) is GNU ld
configure:8998: result: yes
configure:9053: checking whether the g++ linker (/usr/bin/ld -m elf_x86_64) supports shared libraries
configure:10058: result: yes
configure:10094: g++ -c -g -O2  conftest.cpp >&5
configure:10097: $? = 0
configure:10617: checking for g++ option to produce PIC
configure:10624: result: -fPIC -DPIC
configure:10632: checking if g++ PIC flag -fPIC -DPIC works
configure:10650: g++ -c -g -O2  -fPIC -DPIC -DPIC conftest.cpp >&5
configure:10654: $? = 0
configure:10667: result: yes
configure:10690: checking if g++ static flag -static works
configure:10718: result: yes
configure:10730: checking if g++ supports -c -o file.o
configure:10751: g++ -c -g -O2  -o out/conftest2.o conftest.cpp >&5
configure:10755: $? = 0
configure:10777: result: yes
configure:10782: checking if g++ supports -c -o file.o
configure:10829: result: yes
configure:10859: checking whether the g++ linker (/usr/bin/ld -m elf_x86_64) supports shared libraries
configure:10895: result: yes
configure:11036: checking dynamic linker characteristics
configure:11703: result: GNU/Linux ld.so
configure:11756: checking how to hardcode library paths into programs
configure:11781: result: immediate
configure:10782: checking for ANSI C header files
configure:10886: result: yes
configure:10900: checking for utime.h
configure:10900: gcc -c -g -O2  conftest.c >&5
configure:10900: $? = 0
configure:10900: result: yes
configure:10914: checking whether utime accepts a null argument
configure:10943: gcc -o conftest -g -O2   conftest.c  >&5
configure:10943: $? = 0
configure:10943: ./conftest
configure:10943: $? = 0
configure:10953: result: yes
configure:10981: checking for root
configure:10999: found /local0/p_duwe01/root/bin/root
configure:11012: result: /local0/p_duwe01/root/bin/root
configure:11043: checking for lhapdf-config
configure:11061: found /local0/p_duwe01/LHAPDF/bin/lhapdf-config
configure:11074: result: /local0/p_duwe01/LHAPDF/bin/lhapdf-config
configure:11105: checking for applgrid-config
configure:11123: found /local0/p_duwe01/applgrid/bin/applgrid-config
configure:11136: result: /local0/p_duwe01/applgrid/bin/applgrid-config
configure:11167: checking for hoppet-config
configure:11185: found /local0/p_duwe01/hoppet/bin/hoppet-config
configure:11198: result: /local0/p_duwe01/hoppet/bin/hoppet-config
configure:11358: creating ./config.status

## ---------------------- ##
## Running config.status. ##
## ---------------------- ##

This file was extended by mcfm-bridge config.status 0.0.35, which was
generated by GNU Autoconf 2.68.  Invocation command line was

  CONFIG_FILES    = 
  CONFIG_HEADERS  = 
  CONFIG_LINKS    = 
  CONFIG_COMMANDS = 
  $ ./config.status 

on GINZBURG

config.status:1161: creating bin/Makefile
config.status:1161: creating bin/mcfmbridge-config
config.status:1161: creating Makefile
config.status:1161: creating src/Makefile
config.status:1161: creating amconfig.h
config.status:1342: amconfig.h is unchanged
config.status:1390: executing depfiles commands
config.status:1390: executing libtool commands

## ---------------- ##
## Cache variables. ##
## ---------------- ##

ac_cv_build=x86_64-unknown-linux-gnu
ac_cv_c_compiler_gnu=yes
ac_cv_cxx_compiler_gnu=yes
ac_cv_env_CCC_set=
ac_cv_env_CCC_value=
ac_cv_env_CC_set=
ac_cv_env_CC_value=
ac_cv_env_CFLAGS_set=
ac_cv_env_CFLAGS_value=
ac_cv_env_CPPFLAGS_set=
ac_cv_env_CPPFLAGS_value=
ac_cv_env_CPP_set=
ac_cv_env_CPP_value=
ac_cv_env_CXXCPP_set=
ac_cv_env_CXXCPP_value=
ac_cv_env_CXXFLAGS_set=
ac_cv_env_CXXFLAGS_value=
ac_cv_env_CXX_set=
ac_cv_env_CXX_value=
ac_cv_env_LDFLAGS_set=
ac_cv_env_LDFLAGS_value=
ac_cv_env_LIBS_set=
ac_cv_env_LIBS_value=
ac_cv_env_build_alias_set=
ac_cv_env_build_alias_value=
ac_cv_env_host_alias_set=
ac_cv_env_host_alias_value=
ac_cv_env_target_alias_set=
ac_cv_env_target_alias_value=
ac_cv_func_utime_null=yes
ac_cv_header_dlfcn_h=yes
ac_cv_header_inttypes_h=yes
ac_cv_header_memory_h=yes
ac_cv_header_stdc=yes
ac_cv_header_stdint_h=yes
ac_cv_header_stdlib_h=yes
ac_cv_header_string_h=yes
ac_cv_header_strings_h=yes
ac_cv_header_sys_stat_h=yes
ac_cv_header_sys_types_h=yes
ac_cv_header_unistd_h=yes
ac_cv_header_utime_h=yes
ac_cv_host=x86_64-unknown-linux-gnu
ac_cv_objext=o
ac_cv_path_APPLPATH=/local0/p_duwe01/applgrid/bin/applgrid-config
ac_cv_path_EGREP='/usr/bin/grep -E'
ac_cv_path_FGREP='/usr/bin/grep -F'
ac_cv_path_GREP=/usr/bin/grep
ac_cv_path_HOPPETPATH=/local0/p_duwe01/hoppet/bin/hoppet-config
ac_cv_path_LHAPDFPATH=/local0/p_duwe01/LHAPDF/bin/lhapdf-config
ac_cv_path_ROOTPATH=/local0/p_duwe01/root/bin/root
ac_cv_path_SED=/usr/bin/sed
ac_cv_path_install='/usr/bin/install -c'
ac_cv_path_mkdir=/usr/bin/mkdir
ac_cv_prog_AWK=gawk
ac_cv_prog_CPP='gcc -E'
ac_cv_prog_CXXCPP='g++ -E'
ac_cv_prog_ac_ct_AR=ar
ac_cv_prog_ac_ct_CC=gcc
ac_cv_prog_ac_ct_CXX=g++
ac_cv_prog_ac_ct_MANIFEST_TOOL=mt
ac_cv_prog_ac_ct_OBJDUMP=objdump
ac_cv_prog_ac_ct_RANLIB=ranlib
ac_cv_prog_ac_ct_STRIP=strip
ac_cv_prog_cc_c89=
ac_cv_prog_cc_g=yes
ac_cv_prog_cxx_g=yes
ac_cv_prog_make_make_set=yes
am_cv_CC_dependencies_compiler_type=gcc3
am_cv_CXX_dependencies_compiler_type=gcc3
lt_cv_ar_at_file=@
lt_cv_archive_cmds_need_lc=no
lt_cv_deplibs_check_method=pass_all
lt_cv_file_magic_cmd='$MAGIC_CMD'
lt_cv_file_magic_test_file=
lt_cv_ld_reload_flag=-r
lt_cv_nm_interface='BSD nm'
lt_cv_objdir=.libs
lt_cv_path_LD=/usr/bin/ld
lt_cv_path_LDCXX='/usr/bin/ld -m elf_x86_64'
lt_cv_path_NM='/usr/bin/nm -B'
lt_cv_path_mainfest_tool=no
lt_cv_prog_compiler_c_o=yes
lt_cv_prog_compiler_c_o_CXX=yes
lt_cv_prog_compiler_pic='-fPIC -DPIC'
lt_cv_prog_compiler_pic_CXX='-fPIC -DPIC'
lt_cv_prog_compiler_pic_works=yes
lt_cv_prog_compiler_pic_works_CXX=yes
lt_cv_prog_compiler_rtti_exceptions=no
lt_cv_prog_compiler_static_works=yes
lt_cv_prog_compiler_static_works_CXX=yes
lt_cv_prog_gnu_ld=yes
lt_cv_prog_gnu_ldcxx=yes
lt_cv_sharedlib_from_linklib_cmd='printf %s\n'
lt_cv_shlibpath_overrides_runpath=yes
lt_cv_sys_global_symbol_pipe='sed -n -e '\''s/^.*[	 ]\([ABCDGIRSTW][ABCDGIRSTW]*\)[	 ][	 ]*\([_A-Za-z][_A-Za-z0-9]*\)$/\1 \2 \2/p'\'' | sed '\''/ __gnu_lto/d'\'''
lt_cv_sys_global_symbol_to_c_name_address='sed -n -e '\''s/^: \([^ ]*\)[ ]*$/  {\"\1\", (void *) 0},/p'\'' -e '\''s/^[ABCDGIRSTW]* \([^ ]*\) \([^ ]*\)$/  {"\2", (void *) \&\2},/p'\'''
lt_cv_sys_global_symbol_to_c_name_address_lib_prefix='sed -n -e '\''s/^: \([^ ]*\)[ ]*$/  {\"\1\", (void *) 0},/p'\'' -e '\''s/^[ABCDGIRSTW]* \([^ ]*\) \(lib[^ ]*\)$/  {"\2", (void *) \&\2},/p'\'' -e '\''s/^[ABCDGIRSTW]* \([^ ]*\) \([^ ]*\)$/  {"lib\2", (void *) \&\2},/p'\'''
lt_cv_sys_global_symbol_to_cdecl='sed -n -e '\''s/^T .* \(.*\)$/extern int \1();/p'\'' -e '\''s/^[ABCDGIRSTW]* .* \(.*\)$/extern char \1;/p'\'''
lt_cv_sys_max_cmd_len=1572864
lt_cv_to_host_file_cmd=func_convert_file_noop
lt_cv_to_tool_file_cmd=func_convert_file_noop

## ----------------- ##
## Output variables. ##
## ----------------- ##

ACLOCAL='${SHELL} /local0/p_duwe01/test/photon_prod/Bridge/missing --run aclocal-1.11'
AMDEPBACKSLASH='\'
AMDEP_FALSE='#'
AMDEP_TRUE=''
AMTAR='${SHELL} /local0/p_duwe01/test/photon_prod/Bridge/missing --run tar'
APPLPATH='/local0/p_duwe01/applgrid/bin/applgrid-config'
AR='ar'
AUTOCONF='${SHELL} /local0/p_duwe01/test/photon_prod/Bridge/missing --run autoconf'
AUTOHEADER='${SHELL} /local0/p_duwe01/test/photon_prod/Bridge/missing --run autoheader'
AUTOMAKE='${SHELL} /local0/p_duwe01/test/photon_prod/Bridge/missing --run automake-1.11'
AWK='gawk'
CC='gcc'
CCDEPMODE='depmode=gcc3'
CFLAGS='-g -O2'
CPP='gcc -E'
CPPFLAGS=''
CXX='g++'
CXXCPP='g++ -E'
CXXDEPMODE='depmode=gcc3'
CXXFLAGS='-g -O2'
CYGPATH_W='echo'
DEFS='-DHAVE_CONFIG_H'
DEPDIR='.deps'
DLLTOOL='false'
DSYMUTIL=''
DUMPBIN=''
ECHO_C=''
ECHO_N='-n'
ECHO_T=''
EGREP='/usr/bin/grep -E'
EXEEXT=''
FGREP='/usr/bin/grep -F'
GREP='/usr/bin/grep'
HOPPETPATH='/local0/p_duwe01/hoppet/bin/hoppet-config'
INSTALL_DATA='${INSTALL} -m 644'
INSTALL_PROGRAM='${INSTALL}'
INSTALL_SCRIPT='${INSTALL}'
INSTALL_STRIP_PROGRAM='$(install_sh) -c -s'
LD='/usr/bin/ld -m elf_x86_64'
LDFLAGS=''
LHAPDFPATH='/local0/p_duwe01/LHAPDF/bin/lhapdf-config'
LIBOBJS=''
LIBS=''
LIBTOOL='$(SHELL) $(top_builddir)/libtool'
LIPO=''
LN_S='ln -s'
LTLIBOBJS=''
MAKEINFO='${SHELL} /local0/p_duwe01/test/photon_prod/Bridge/missing --run makeinfo'
MANIFEST_TOOL=':'
MKDIR_P='/usr/bin/mkdir -p'
NM='/usr/bin/nm -B'
NMEDIT=''
OBJDUMP='objdump'
OBJEXT='o'
OTOOL64=''
OTOOL=''
PACKAGE='mcfm-bridge'
PACKAGE_BUGREPORT='sutt@cern.ch'
PACKAGE_NAME='mcfm-bridge'
PACKAGE_STRING='mcfm-bridge 0.0.35'
PACKAGE_TARNAME='mcfm-bridge'
PACKAGE_URL='http://applgrid.hepforge.org'
PACKAGE_VERSION='0.0.35'
PATH_SEPARATOR=':'
RANLIB='ranlib'
ROOTPATH='/local0/p_duwe01/root/bin/root'
SED='/usr/bin/sed'
SET_MAKE=''
SHELL='/bin/bash'
STRIP='strip'
VERSION='0.0.35'
ac_ct_AR='ar'
ac_ct_CC='gcc'
ac_ct_CXX='g++'
ac_ct_DUMPBIN=''
am__EXEEXT_FALSE=''
am__EXEEXT_TRUE='#'
am__fastdepCC_FALSE='#'
am__fastdepCC_TRUE=''
am__fastdepCXX_FALSE='#'
am__fastdepCXX_TRUE=''
am__include='include'
am__isrc=''
am__leading_dot='.'
am__quote=''
am__tar='${AMTAR} chof - "$$tardir"'
am__untar='${AMTAR} xf -'
bindir='${exec_prefix}/bin'
build='x86_64-unknown-linux-gnu'
build_alias=''
build_cpu='x86_64'
build_os='linux-gnu'
build_vendor='unknown'
datadir='${datarootdir}'
datarootdir='${prefix}/share'
docdir='${datarootdir}/doc/${PACKAGE_TARNAME}'
dvidir='${docdir}'
exec_prefix='${prefix}'
host='x86_64-unknown-linux-gnu'
host_alias=''
host_cpu='x86_64'
host_os='linux-gnu'
host_vendor='unknown'
htmldir='${docdir}'
includedir='${prefix}/include'
infodir='${datarootdir}/info'
install_sh='${SHELL} /local0/p_duwe01/test/photon_prod/Bridge/install-sh'
libdir='${exec_prefix}/lib'
libexecdir='${exec_prefix}/libexec'
localedir='${datarootdir}/locale'
localstatedir='${prefix}/var'
mandir='${datarootdir}/man'
mkdir_p='/usr/bin/mkdir -p'
oldincludedir='/usr/include'
pdfdir='${docdir}'
prefix='/local0/p_duwe01/test/photon_prod/mcfmbridge'
program_transform_name='s,x,x,'
psdir='${docdir}'
sbindir='${exec_prefix}/sbin'
sharedstatedir='${prefix}/com'
sysconfdir='${prefix}/etc'
target_alias=''

## ----------- ##
## confdefs.h. ##
## ----------- ##

/* confdefs.h */
#define PACKAGE_NAME "mcfm-bridge"
#define PACKAGE_TARNAME "mcfm-bridge"
#define PACKAGE_VERSION "0.0.35"
#define PACKAGE_STRING "mcfm-bridge 0.0.35"
#define PACKAGE_BUGREPORT "sutt@cern.ch"
#define PACKAGE_URL "http://applgrid.hepforge.org"
#define PACKAGE "mcfm-bridge"
#define VERSION "0.0.35"
#define STDC_HEADERS 1
#define HAVE_SYS_TYPES_H 1
#define HAVE_SYS_STAT_H 1
#define HAVE_STDLIB_H 1
#define HAVE_STRING_H 1
#define HAVE_MEMORY_H 1
#define HAVE_STRINGS_H 1
#define HAVE_INTTYPES_H 1
#define HAVE_STDINT_H 1
#define HAVE_UNISTD_H 1
#define HAVE_DLFCN_H 1
#define LT_OBJDIR ".libs/"
#define STDC_HEADERS 1
#define HAVE_UTIME_H 1
#define HAVE_UTIME_NULL 1
#define HAVE_CERNROOT 1
#define HAVE_LHAPDF 1
#define HAVE_APPL 1
#define HAVE_HOPPET 1

configure: exit 0
